<?xml version="1.0" encoding="UTF-8"?>
<!-- Generated by org.testng.reporters.JUnitXMLReporter -->
<testsuite ignored="0" hostname="DESKTOP-GLSGVMC" failures="1" tests="6" name="Test" time="107.545" errors="0" timestamp="2022-10-14T12:31:19 IST">
  <testcase classname="testClasses.VerifyUserCanLogin" name="verifyUserCanLogIn" time="3.959">
    <failure type="java.lang.AssertionError" message="Profile name is not matching did not expect [Pranali] but found [Pranali]">
      <![CDATA[java.lang.AssertionError: Profile name is not matching did not expect [Pranali] but found [Pranali]
at testClasses.VerifyUserCanLogin.verifyUserCanLogIn(VerifyUserCanLogin.java:68)
at java.base/java.util.ArrayList.forEach(ArrayList.java:1541)
... Removed 31 stack frames]]>
    </failure>
  </testcase> <!-- verifyUserCanLogIn -->
  <testcase classname="testClasses.verifyUserCanGetLowestPriceProduct" name="verifyUserCanSearchProduct" time="6.43"/>
  <testcase classname="testClasses.verifyUserCanGetLowestPriceProduct" name="verifyUserCanGetLowestProductOnEachPage" time="9.573"/>
  <testcase classname="testClasses.VerifyUserCanAddNewAddress" name="verifyUserCanOpenProfilePage" time="11.181"/>
  <testcase classname="testClasses.VerifyUserCanAddNewAddress" name="addNewAddress" time="2.709"/>
  <testcase classname="testClasses.VerifyUserCanAddNewAddress" name="addNewAddress" time="2.284"/>
</testsuite> <!-- Test -->
